<?xml version="1.0" encoding="UTF-8"?>
<!-- Generated by org.testng.reporters.JUnitXMLReporter -->
<testsuite ignored="0" hostname="LAPTOP-99DLTKV0" failures="0" tests="2" name="BasicTests" time="4.502" errors="0" timestamp="2022-08-04T19:41:07 EDT">
  <testcase classname="TestScripts.TestBase" name="@BeforeClass beforeClass" time="-1.659656467526E9">
    <failure type="org.testng.TestNGException" message="
Can inject only one of &amp;lt;ITestContext, XmlTest&amp;gt; into a @BeforeClass annotated beforeClass.
For more information on native dependency injection please refer to https://testng.org/doc/documentation-main.html#native-dependency-injection">
      <![CDATA[org.testng.TestNGException: 
Can inject only one of <ITestContext, XmlTest> into a @BeforeClass annotated beforeClass.
For more information on native dependency injection please refer to https://testng.org/doc/documentation-main.html#native-dependency-injection
at java.base/java.util.ArrayList.forEach(ArrayList.java:1511)
... Removed 22 stack frames]]>
    </failure>
  </testcase> <!-- @BeforeClass beforeClass -->
  <testcase classname="TestScripts.TestBase" name="@AfterClass afterClass" time="0.0">
    <skipped/>
  </testcase> <!-- @AfterClass afterClass -->
  <testcase classname="TestScripts.ApplicableLoginTest" name="m1" time="4.478"/>
  <testcase classname="TestScripts.TC_EndToEndProductPurchase" name="productPurchase" time="0.0">
    <skipped/>
  </testcase> <!-- productPurchase -->
</testsuite> <!-- BasicTests -->
